<?xml version="1.0" encoding="UTF-8"?>
<testsuite xmlns:xsi="http://www.w3.org/2001/XMLSchema-instance" xsi:noNamespaceSchemaLocation="https://maven.apache.org/surefire/maven-surefire-plugin/xsd/surefire-test-report.xsd" name="com.ly.vrps.VideoResPlaybackSiteApplicationTests" time="9.938" tests="1" errors="0" skipped="0" failures="0">
  <properties>
    <property name="sun.desktop" value="windows"/>
    <property name="awt.toolkit" value="sun.awt.windows.WToolkit"/>
    <property name="file.encoding.pkg" value="sun.io"/>
    <property name="java.specification.version" value="1.8"/>
    <property name="sun.cpu.isalist" value="amd64"/>
    <property name="sun.jnu.encoding" value="GBK"/>
    <property name="java.class.path" value="D:\ProjectHome\java\vrps-sply\4364636212397056\vrps-sp-ly\vrps-sply\target\test-classes;D:\ProjectHome\java\vrps-sply\4364636212397056\vrps-sp-ly\vrps-sply\target\classes;D:\DevelopmentTool\repository\org\springframework\boot\spring-boot-starter-data-redis\2.1.3.RELEASE\spring-boot-starter-data-redis-2.1.3.RELEASE.jar;D:\DevelopmentTool\repository\org\springframework\boot\spring-boot-starter\2.1.3.RELEASE\spring-boot-starter-2.1.3.RELEASE.jar;D:\DevelopmentTool\repository\org\springframework\boot\spring-boot\2.1.3.RELEASE\spring-boot-2.1.3.RELEASE.jar;D:\DevelopmentTool\repository\org\springframework\boot\spring-boot-autoconfigure\2.1.3.RELEASE\spring-boot-autoconfigure-2.1.3.RELEASE.jar;D:\DevelopmentTool\repository\org\springframework\boot\spring-boot-starter-logging\2.1.3.RELEASE\spring-boot-starter-logging-2.1.3.RELEASE.jar;D:\DevelopmentTool\repository\ch\qos\logback\logback-classic\1.2.3\logback-classic-1.2.3.jar;D:\DevelopmentTool\repository\ch\qos\logback\logback-core\1.2.3\logback-core-1.2.3.jar;D:\DevelopmentTool\repository\org\apache\logging\log4j\log4j-to-slf4j\2.11.2\log4j-to-slf4j-2.11.2.jar;D:\DevelopmentTool\repository\org\apache\logging\log4j\log4j-api\2.11.2\log4j-api-2.11.2.jar;D:\DevelopmentTool\repository\org\slf4j\jul-to-slf4j\1.7.25\jul-to-slf4j-1.7.25.jar;D:\DevelopmentTool\repository\javax\annotation\javax.annotation-api\1.3.2\javax.annotation-api-1.3.2.jar;D:\DevelopmentTool\repository\org\yaml\snakeyaml\1.23\snakeyaml-1.23.jar;D:\DevelopmentTool\repository\org\springframework\data\spring-data-redis\2.1.5.RELEASE\spring-data-redis-2.1.5.RELEASE.jar;D:\DevelopmentTool\repository\org\springframework\data\spring-data-keyvalue\2.1.5.RELEASE\spring-data-keyvalue-2.1.5.RELEASE.jar;D:\DevelopmentTool\repository\org\springframework\data\spring-data-commons\2.1.5.RELEASE\spring-data-commons-2.1.5.RELEASE.jar;D:\DevelopmentTool\repository\org\springframework\spring-tx\5.1.5.RELEASE\spring-tx-5.1.5.RELEASE.jar;D:\DevelopmentTool\repository\org\springframework\spring-oxm\5.1.5.RELEASE\spring-oxm-5.1.5.RELEASE.jar;D:\DevelopmentTool\repository\io\lettuce\lettuce-core\5.1.4.RELEASE\lettuce-core-5.1.4.RELEASE.jar;D:\DevelopmentTool\repository\io\netty\netty-common\4.1.33.Final\netty-common-4.1.33.Final.jar;D:\DevelopmentTool\repository\io\netty\netty-handler\4.1.33.Final\netty-handler-4.1.33.Final.jar;D:\DevelopmentTool\repository\io\netty\netty-buffer\4.1.33.Final\netty-buffer-4.1.33.Final.jar;D:\DevelopmentTool\repository\io\netty\netty-codec\4.1.33.Final\netty-codec-4.1.33.Final.jar;D:\DevelopmentTool\repository\io\netty\netty-transport\4.1.33.Final\netty-transport-4.1.33.Final.jar;D:\DevelopmentTool\repository\io\netty\netty-resolver\4.1.33.Final\netty-resolver-4.1.33.Final.jar;D:\DevelopmentTool\repository\io\projectreactor\reactor-core\3.2.6.RELEASE\reactor-core-3.2.6.RELEASE.jar;D:\DevelopmentTool\repository\org\reactivestreams\reactive-streams\1.0.2\reactive-streams-1.0.2.jar;D:\DevelopmentTool\repository\org\springframework\boot\spring-boot-starter-actuator\2.1.3.RELEASE\spring-boot-starter-actuator-2.1.3.RELEASE.jar;D:\DevelopmentTool\repository\org\springframework\boot\spring-boot-actuator-autoconfigure\2.1.3.RELEASE\spring-boot-actuator-autoconfigure-2.1.3.RELEASE.jar;D:\DevelopmentTool\repository\org\springframework\boot\spring-boot-actuator\2.1.3.RELEASE\spring-boot-actuator-2.1.3.RELEASE.jar;D:\DevelopmentTool\repository\com\fasterxml\jackson\core\jackson-databind\2.9.8\jackson-databind-2.9.8.jar;D:\DevelopmentTool\repository\com\fasterxml\jackson\core\jackson-core\2.9.8\jackson-core-2.9.8.jar;D:\DevelopmentTool\repository\org\springframework\spring-context\5.1.5.RELEASE\spring-context-5.1.5.RELEASE.jar;D:\DevelopmentTool\repository\com\fasterxml\jackson\datatype\jackson-datatype-jsr310\2.9.8\jackson-datatype-jsr310-2.9.8.jar;D:\DevelopmentTool\repository\io\micrometer\micrometer-core\1.1.3\micrometer-core-1.1.3.jar;D:\DevelopmentTool\repository\org\hdrhistogram\HdrHistogram\2.1.9\HdrHistogram-2.1.9.jar;D:\DevelopmentTool\repository\org\latencyutils\LatencyUtils\2.0.3\LatencyUtils-2.0.3.jar;D:\DevelopmentTool\repository\org\springframework\boot\spring-boot-starter-mail\2.1.3.RELEASE\spring-boot-starter-mail-2.1.3.RELEASE.jar;D:\DevelopmentTool\repository\org\springframework\spring-context-support\5.1.5.RELEASE\spring-context-support-5.1.5.RELEASE.jar;D:\DevelopmentTool\repository\org\springframework\spring-beans\5.1.5.RELEASE\spring-beans-5.1.5.RELEASE.jar;D:\DevelopmentTool\repository\com\sun\mail\javax.mail\1.6.2\javax.mail-1.6.2.jar;D:\DevelopmentTool\repository\javax\activation\activation\1.1\activation-1.1.jar;D:\DevelopmentTool\repository\org\springframework\boot\spring-boot-starter-thymeleaf\2.1.3.RELEASE\spring-boot-starter-thymeleaf-2.1.3.RELEASE.jar;D:\DevelopmentTool\repository\org\thymeleaf\thymeleaf-spring5\3.0.11.RELEASE\thymeleaf-spring5-3.0.11.RELEASE.jar;D:\DevelopmentTool\repository\org\thymeleaf\thymeleaf\3.0.11.RELEASE\thymeleaf-3.0.11.RELEASE.jar;D:\DevelopmentTool\repository\org\attoparser\attoparser\2.0.5.RELEASE\attoparser-2.0.5.RELEASE.jar;D:\DevelopmentTool\repository\org\unbescape\unbescape\1.1.6.RELEASE\unbescape-1.1.6.RELEASE.jar;D:\DevelopmentTool\repository\org\thymeleaf\extras\thymeleaf-extras-java8time\3.0.3.RELEASE\thymeleaf-extras-java8time-3.0.3.RELEASE.jar;D:\DevelopmentTool\repository\org\springframework\boot\spring-boot-starter-validation\2.1.3.RELEASE\spring-boot-starter-validation-2.1.3.RELEASE.jar;D:\DevelopmentTool\repository\org\apache\tomcat\embed\tomcat-embed-el\9.0.16\tomcat-embed-el-9.0.16.jar;D:\DevelopmentTool\repository\org\hibernate\validator\hibernate-validator\6.0.14.Final\hibernate-validator-6.0.14.Final.jar;D:\DevelopmentTool\repository\javax\validation\validation-api\2.0.1.Final\validation-api-2.0.1.Final.jar;D:\DevelopmentTool\repository\org\jboss\logging\jboss-logging\3.3.2.Final\jboss-logging-3.3.2.Final.jar;D:\DevelopmentTool\repository\org\springframework\boot\spring-boot-starter-web\2.1.3.RELEASE\spring-boot-starter-web-2.1.3.RELEASE.jar;D:\DevelopmentTool\repository\org\springframework\boot\spring-boot-starter-json\2.1.3.RELEASE\spring-boot-starter-json-2.1.3.RELEASE.jar;D:\DevelopmentTool\repository\com\fasterxml\jackson\datatype\jackson-datatype-jdk8\2.9.8\jackson-datatype-jdk8-2.9.8.jar;D:\DevelopmentTool\repository\com\fasterxml\jackson\module\jackson-module-parameter-names\2.9.8\jackson-module-parameter-names-2.9.8.jar;D:\DevelopmentTool\repository\org\springframework\boot\spring-boot-starter-tomcat\2.1.3.RELEASE\spring-boot-starter-tomcat-2.1.3.RELEASE.jar;D:\DevelopmentTool\repository\org\apache\tomcat\embed\tomcat-embed-core\9.0.16\tomcat-embed-core-9.0.16.jar;D:\DevelopmentTool\repository\org\apache\tomcat\embed\tomcat-embed-websocket\9.0.16\tomcat-embed-websocket-9.0.16.jar;D:\DevelopmentTool\repository\org\springframework\spring-web\5.1.5.RELEASE\spring-web-5.1.5.RELEASE.jar;D:\DevelopmentTool\repository\org\springframework\spring-webmvc\5.1.5.RELEASE\spring-webmvc-5.1.5.RELEASE.jar;D:\DevelopmentTool\repository\org\springframework\spring-expression\5.1.5.RELEASE\spring-expression-5.1.5.RELEASE.jar;D:\DevelopmentTool\repository\org\mybatis\spring\boot\mybatis-spring-boot-starter\2.0.0\mybatis-spring-boot-starter-2.0.0.jar;D:\DevelopmentTool\repository\org\springframework\boot\spring-boot-starter-jdbc\2.1.3.RELEASE\spring-boot-starter-jdbc-2.1.3.RELEASE.jar;D:\DevelopmentTool\repository\com\zaxxer\HikariCP\3.2.0\HikariCP-3.2.0.jar;D:\DevelopmentTool\repository\org\springframework\spring-jdbc\5.1.5.RELEASE\spring-jdbc-5.1.5.RELEASE.jar;D:\DevelopmentTool\repository\org\mybatis\spring\boot\mybatis-spring-boot-autoconfigure\2.0.0\mybatis-spring-boot-autoconfigure-2.0.0.jar;D:\DevelopmentTool\repository\org\mybatis\mybatis\3.5.0\mybatis-3.5.0.jar;D:\DevelopmentTool\repository\org\mybatis\mybatis-spring\2.0.0\mybatis-spring-2.0.0.jar;D:\DevelopmentTool\repository\tk\mybatis\mapper-spring-boot-starter\2.1.5\mapper-spring-boot-starter-2.1.5.jar;D:\DevelopmentTool\repository\tk\mybatis\mapper-core\1.1.5\mapper-core-1.1.5.jar;D:\DevelopmentTool\repository\javax\persistence\persistence-api\1.0\persistence-api-1.0.jar;D:\DevelopmentTool\repository\tk\mybatis\mapper-base\1.1.5\mapper-base-1.1.5.jar;D:\DevelopmentTool\repository\tk\mybatis\mapper-weekend\1.1.5\mapper-weekend-1.1.5.jar;D:\DevelopmentTool\repository\tk\mybatis\mapper-spring\1.1.5\mapper-spring-1.1.5.jar;D:\DevelopmentTool\repository\tk\mybatis\mapper-extra\1.1.5\mapper-extra-1.1.5.jar;D:\DevelopmentTool\repository\tk\mybatis\mapper-spring-boot-autoconfigure\2.1.5\mapper-spring-boot-autoconfigure-2.1.5.jar;D:\DevelopmentTool\repository\org\mybatis\generator\mybatis-generator-maven-plugin\1.3.7\mybatis-generator-maven-plugin-1.3.7.jar;D:\DevelopmentTool\repository\org\apache\maven\maven-plugin-api\3.5.4\maven-plugin-api-3.5.4.jar;D:\DevelopmentTool\repository\org\apache\maven\maven-model\3.5.4\maven-model-3.5.4.jar;D:\DevelopmentTool\repository\org\apache\commons\commons-lang3\3.8.1\commons-lang3-3.8.1.jar;D:\DevelopmentTool\repository\org\apache\maven\maven-artifact\3.5.4\maven-artifact-3.5.4.jar;D:\DevelopmentTool\repository\org\eclipse\sisu\org.eclipse.sisu.plexus\0.3.3\org.eclipse.sisu.plexus-0.3.3.jar;D:\DevelopmentTool\repository\javax\enterprise\cdi-api\1.0\cdi-api-1.0.jar;D:\DevelopmentTool\repository\javax\annotation\jsr250-api\1.0\jsr250-api-1.0.jar;D:\DevelopmentTool\repository\javax\inject\javax.inject\1\javax.inject-1.jar;D:\DevelopmentTool\repository\org\eclipse\sisu\org.eclipse.sisu.inject\0.3.3\org.eclipse.sisu.inject-0.3.3.jar;D:\DevelopmentTool\repository\org\codehaus\plexus\plexus-component-annotations\1.5.5\plexus-component-annotations-1.5.5.jar;D:\DevelopmentTool\repository\org\codehaus\plexus\plexus-utils\3.1.0\plexus-utils-3.1.0.jar;D:\DevelopmentTool\repository\org\codehaus\plexus\plexus-classworlds\2.5.2\plexus-classworlds-2.5.2.jar;D:\DevelopmentTool\repository\org\mybatis\generator\mybatis-generator-core\1.3.7\mybatis-generator-core-1.3.7.jar;D:\DevelopmentTool\repository\mysql\mysql-connector-java\8.0.15\mysql-connector-java-8.0.15.jar;D:\DevelopmentTool\repository\org\projectlombok\lombok\1.18.6\lombok-1.18.6.jar;D:\DevelopmentTool\repository\org\springframework\boot\spring-boot-starter-test\2.1.3.RELEASE\spring-boot-starter-test-2.1.3.RELEASE.jar;D:\DevelopmentTool\repository\org\springframework\boot\spring-boot-test\2.1.3.RELEASE\spring-boot-test-2.1.3.RELEASE.jar;D:\DevelopmentTool\repository\org\springframework\boot\spring-boot-test-autoconfigure\2.1.3.RELEASE\spring-boot-test-autoconfigure-2.1.3.RELEASE.jar;D:\DevelopmentTool\repository\com\jayway\jsonpath\json-path\2.4.0\json-path-2.4.0.jar;D:\DevelopmentTool\repository\net\minidev\json-smart\2.3\json-smart-2.3.jar;D:\DevelopmentTool\repository\net\minidev\accessors-smart\1.2\accessors-smart-1.2.jar;D:\DevelopmentTool\repository\org\ow2\asm\asm\5.0.4\asm-5.0.4.jar;D:\DevelopmentTool\repository\junit\junit\4.12\junit-4.12.jar;D:\DevelopmentTool\repository\org\assertj\assertj-core\3.11.1\assertj-core-3.11.1.jar;D:\DevelopmentTool\repository\org\mockito\mockito-core\2.23.4\mockito-core-2.23.4.jar;D:\DevelopmentTool\repository\net\bytebuddy\byte-buddy\1.9.10\byte-buddy-1.9.10.jar;D:\DevelopmentTool\repository\net\bytebuddy\byte-buddy-agent\1.9.10\byte-buddy-agent-1.9.10.jar;D:\DevelopmentTool\repository\org\objenesis\objenesis\2.6\objenesis-2.6.jar;D:\DevelopmentTool\repository\org\hamcrest\hamcrest-core\1.3\hamcrest-core-1.3.jar;D:\DevelopmentTool\repository\org\hamcrest\hamcrest-library\1.3\hamcrest-library-1.3.jar;D:\DevelopmentTool\repository\org\skyscreamer\jsonassert\1.5.0\jsonassert-1.5.0.jar;D:\DevelopmentTool\repository\com\vaadin\external\google\android-json\0.0.20131108.vaadin1\android-json-0.0.20131108.vaadin1.jar;D:\DevelopmentTool\repository\org\springframework\spring-core\5.1.5.RELEASE\spring-core-5.1.5.RELEASE.jar;D:\DevelopmentTool\repository\org\springframework\spring-jcl\5.1.5.RELEASE\spring-jcl-5.1.5.RELEASE.jar;D:\DevelopmentTool\repository\org\springframework\spring-test\5.1.5.RELEASE\spring-test-5.1.5.RELEASE.jar;D:\DevelopmentTool\repository\org\xmlunit\xmlunit-core\2.6.2\xmlunit-core-2.6.2.jar;D:\DevelopmentTool\repository\org\springframework\boot\spring-boot-starter-security\2.1.3.RELEASE\spring-boot-starter-security-2.1.3.RELEASE.jar;D:\DevelopmentTool\repository\org\springframework\spring-aop\5.1.5.RELEASE\spring-aop-5.1.5.RELEASE.jar;D:\DevelopmentTool\repository\org\springframework\security\spring-security-config\5.1.4.RELEASE\spring-security-config-5.1.4.RELEASE.jar;D:\DevelopmentTool\repository\org\springframework\security\spring-security-web\5.1.4.RELEASE\spring-security-web-5.1.4.RELEASE.jar;D:\DevelopmentTool\repository\org\springframework\security\spring-security-test\5.1.4.RELEASE\spring-security-test-5.1.4.RELEASE.jar;D:\DevelopmentTool\repository\org\springframework\security\spring-security-core\5.1.4.RELEASE\spring-security-core-5.1.4.RELEASE.jar;D:\DevelopmentTool\repository\io\springfox\springfox-swagger2\2.7.0\springfox-swagger2-2.7.0.jar;D:\DevelopmentTool\repository\io\swagger\swagger-annotations\1.5.13\swagger-annotations-1.5.13.jar;D:\DevelopmentTool\repository\io\swagger\swagger-models\1.5.13\swagger-models-1.5.13.jar;D:\DevelopmentTool\repository\com\fasterxml\jackson\core\jackson-annotations\2.9.0\jackson-annotations-2.9.0.jar;D:\DevelopmentTool\repository\io\springfox\springfox-spi\2.7.0\springfox-spi-2.7.0.jar;D:\DevelopmentTool\repository\io\springfox\springfox-core\2.7.0\springfox-core-2.7.0.jar;D:\DevelopmentTool\repository\io\springfox\springfox-schema\2.7.0\springfox-schema-2.7.0.jar;D:\DevelopmentTool\repository\io\springfox\springfox-swagger-common\2.7.0\springfox-swagger-common-2.7.0.jar;D:\DevelopmentTool\repository\io\springfox\springfox-spring-web\2.7.0\springfox-spring-web-2.7.0.jar;D:\DevelopmentTool\repository\org\reflections\reflections\0.9.11\reflections-0.9.11.jar;D:\DevelopmentTool\repository\org\javassist\javassist\3.21.0-GA\javassist-3.21.0-GA.jar;D:\DevelopmentTool\repository\com\google\guava\guava\18.0\guava-18.0.jar;D:\DevelopmentTool\repository\com\fasterxml\classmate\1.4.0\classmate-1.4.0.jar;D:\DevelopmentTool\repository\org\slf4j\slf4j-api\1.7.25\slf4j-api-1.7.25.jar;D:\DevelopmentTool\repository\org\springframework\plugin\spring-plugin-core\1.2.0.RELEASE\spring-plugin-core-1.2.0.RELEASE.jar;D:\DevelopmentTool\repository\org\springframework\plugin\spring-plugin-metadata\1.2.0.RELEASE\spring-plugin-metadata-1.2.0.RELEASE.jar;D:\DevelopmentTool\repository\org\mapstruct\mapstruct\1.1.0.Final\mapstruct-1.1.0.Final.jar;D:\DevelopmentTool\repository\io\springfox\springfox-swagger-ui\2.7.0\springfox-swagger-ui-2.7.0.jar;D:\DevelopmentTool\repository\com\github\pagehelper\pagehelper-spring-boot-starter\1.2.10\pagehelper-spring-boot-starter-1.2.10.jar;D:\DevelopmentTool\repository\com\github\pagehelper\pagehelper-spring-boot-autoconfigure\1.2.10\pagehelper-spring-boot-autoconfigure-1.2.10.jar;D:\DevelopmentTool\repository\com\github\pagehelper\pagehelper\5.1.8\pagehelper-5.1.8.jar;D:\DevelopmentTool\repository\com\github\jsqlparser\jsqlparser\1.2\jsqlparser-1.2.jar;D:\DevelopmentTool\repository\net\sf\json-lib\json-lib-ext-spring\1.0.2\json-lib-ext-spring-1.0.2.jar;D:\DevelopmentTool\repository\net\sf\json-lib\json-lib\2.2.2\json-lib-2.2.2-jdk15.jar;D:\DevelopmentTool\repository\commons-beanutils\commons-beanutils\1.7.0\commons-beanutils-1.7.0.jar;D:\DevelopmentTool\repository\commons-collections\commons-collections\3.2\commons-collections-3.2.jar;D:\DevelopmentTool\repository\commons-lang\commons-lang\2.4\commons-lang-2.4.jar;D:\DevelopmentTool\repository\commons-logging\commons-logging\1.1.1\commons-logging-1.1.1.jar;D:\DevelopmentTool\repository\net\sf\ezmorph\ezmorph\1.0.4\ezmorph-1.0.4.jar;D:\DevelopmentTool\repository\javax\servlet\servlet-api\2.4\servlet-api-2.4.jar;D:\DevelopmentTool\repository\log4j\log4j\1.2.14\log4j-1.2.14.jar;D:\DevelopmentTool\repository\commons-fileupload\commons-fileupload\1.3.3\commons-fileupload-1.3.3.jar;D:\DevelopmentTool\repository\commons-io\commons-io\2.2\commons-io-2.2.jar;D:\DevelopmentTool\repository\org\csource\fastdfs-client-java\1.29-SNAPSHOT\fastdfs-client-java-1.29-SNAPSHOT.jar;D:\DevelopmentTool\repository\org\slf4j\slf4j-log4j12\1.7.25\slf4j-log4j12-1.7.25.jar;D:\DevelopmentTool\repository\com\alibaba\fastjson\1.2.4\fastjson-1.2.4.jar;"/>
    <property name="java.vm.vendor" value="Oracle Corporation"/>
    <property name="sun.arch.data.model" value="64"/>
    <property name="user.variant" value=""/>
    <property name="java.vendor.url" value="http://java.oracle.com/"/>
    <property name="user.timezone" value="Asia/Shanghai"/>
    <property name="java.vm.specification.version" value="1.8"/>
    <property name="os.name" value="Windows 10"/>
    <property name="user.country" value="CN"/>
    <property name="sun.java.launcher" value="SUN_STANDARD"/>
    <property name="sun.boot.library.path" value="C:\Program Files\Java\jdk1.8.0_171\jre\bin"/>
    <property name="sun.java.command" value="C:\Users\m1555\AppData\Local\Temp\surefire5614543636982314372\surefirebooter4241896854695749995.jar C:\Users\m1555\AppData\Local\Temp\surefire5614543636982314372 2020-09-29T16-34-19_870-jvmRun1 surefire4427372329258513478tmp surefire_01042633672682108556tmp"/>
    <property name="surefire.test.class.path" value="D:\ProjectHome\java\vrps-sply\4364636212397056\vrps-sp-ly\vrps-sply\target\test-classes;D:\ProjectHome\java\vrps-sply\4364636212397056\vrps-sp-ly\vrps-sply\target\classes;D:\DevelopmentTool\repository\org\springframework\boot\spring-boot-starter-data-redis\2.1.3.RELEASE\spring-boot-starter-data-redis-2.1.3.RELEASE.jar;D:\DevelopmentTool\repository\org\springframework\boot\spring-boot-starter\2.1.3.RELEASE\spring-boot-starter-2.1.3.RELEASE.jar;D:\DevelopmentTool\repository\org\springframework\boot\spring-boot\2.1.3.RELEASE\spring-boot-2.1.3.RELEASE.jar;D:\DevelopmentTool\repository\org\springframework\boot\spring-boot-autoconfigure\2.1.3.RELEASE\spring-boot-autoconfigure-2.1.3.RELEASE.jar;D:\DevelopmentTool\repository\org\springframework\boot\spring-boot-starter-logging\2.1.3.RELEASE\spring-boot-starter-logging-2.1.3.RELEASE.jar;D:\DevelopmentTool\repository\ch\qos\logback\logback-classic\1.2.3\logback-classic-1.2.3.jar;D:\DevelopmentTool\repository\ch\qos\logback\logback-core\1.2.3\logback-core-1.2.3.jar;D:\DevelopmentTool\repository\org\apache\logging\log4j\log4j-to-slf4j\2.11.2\log4j-to-slf4j-2.11.2.jar;D:\DevelopmentTool\repository\org\apache\logging\log4j\log4j-api\2.11.2\log4j-api-2.11.2.jar;D:\DevelopmentTool\repository\org\slf4j\jul-to-slf4j\1.7.25\jul-to-slf4j-1.7.25.jar;D:\DevelopmentTool\repository\javax\annotation\javax.annotation-api\1.3.2\javax.annotation-api-1.3.2.jar;D:\DevelopmentTool\repository\org\yaml\snakeyaml\1.23\snakeyaml-1.23.jar;D:\DevelopmentTool\repository\org\springframework\data\spring-data-redis\2.1.5.RELEASE\spring-data-redis-2.1.5.RELEASE.jar;D:\DevelopmentTool\repository\org\springframework\data\spring-data-keyvalue\2.1.5.RELEASE\spring-data-keyvalue-2.1.5.RELEASE.jar;D:\DevelopmentTool\repository\org\springframework\data\spring-data-commons\2.1.5.RELEASE\spring-data-commons-2.1.5.RELEASE.jar;D:\DevelopmentTool\repository\org\springframework\spring-tx\5.1.5.RELEASE\spring-tx-5.1.5.RELEASE.jar;D:\DevelopmentTool\repository\org\springframework\spring-oxm\5.1.5.RELEASE\spring-oxm-5.1.5.RELEASE.jar;D:\DevelopmentTool\repository\io\lettuce\lettuce-core\5.1.4.RELEASE\lettuce-core-5.1.4.RELEASE.jar;D:\DevelopmentTool\repository\io\netty\netty-common\4.1.33.Final\netty-common-4.1.33.Final.jar;D:\DevelopmentTool\repository\io\netty\netty-handler\4.1.33.Final\netty-handler-4.1.33.Final.jar;D:\DevelopmentTool\repository\io\netty\netty-buffer\4.1.33.Final\netty-buffer-4.1.33.Final.jar;D:\DevelopmentTool\repository\io\netty\netty-codec\4.1.33.Final\netty-codec-4.1.33.Final.jar;D:\DevelopmentTool\repository\io\netty\netty-transport\4.1.33.Final\netty-transport-4.1.33.Final.jar;D:\DevelopmentTool\repository\io\netty\netty-resolver\4.1.33.Final\netty-resolver-4.1.33.Final.jar;D:\DevelopmentTool\repository\io\projectreactor\reactor-core\3.2.6.RELEASE\reactor-core-3.2.6.RELEASE.jar;D:\DevelopmentTool\repository\org\reactivestreams\reactive-streams\1.0.2\reactive-streams-1.0.2.jar;D:\DevelopmentTool\repository\org\springframework\boot\spring-boot-starter-actuator\2.1.3.RELEASE\spring-boot-starter-actuator-2.1.3.RELEASE.jar;D:\DevelopmentTool\repository\org\springframework\boot\spring-boot-actuator-autoconfigure\2.1.3.RELEASE\spring-boot-actuator-autoconfigure-2.1.3.RELEASE.jar;D:\DevelopmentTool\repository\org\springframework\boot\spring-boot-actuator\2.1.3.RELEASE\spring-boot-actuator-2.1.3.RELEASE.jar;D:\DevelopmentTool\repository\com\fasterxml\jackson\core\jackson-databind\2.9.8\jackson-databind-2.9.8.jar;D:\DevelopmentTool\repository\com\fasterxml\jackson\core\jackson-core\2.9.8\jackson-core-2.9.8.jar;D:\DevelopmentTool\repository\org\springframework\spring-context\5.1.5.RELEASE\spring-context-5.1.5.RELEASE.jar;D:\DevelopmentTool\repository\com\fasterxml\jackson\datatype\jackson-datatype-jsr310\2.9.8\jackson-datatype-jsr310-2.9.8.jar;D:\DevelopmentTool\repository\io\micrometer\micrometer-core\1.1.3\micrometer-core-1.1.3.jar;D:\DevelopmentTool\repository\org\hdrhistogram\HdrHistogram\2.1.9\HdrHistogram-2.1.9.jar;D:\DevelopmentTool\repository\org\latencyutils\LatencyUtils\2.0.3\LatencyUtils-2.0.3.jar;D:\DevelopmentTool\repository\org\springframework\boot\spring-boot-starter-mail\2.1.3.RELEASE\spring-boot-starter-mail-2.1.3.RELEASE.jar;D:\DevelopmentTool\repository\org\springframework\spring-context-support\5.1.5.RELEASE\spring-context-support-5.1.5.RELEASE.jar;D:\DevelopmentTool\repository\org\springframework\spring-beans\5.1.5.RELEASE\spring-beans-5.1.5.RELEASE.jar;D:\DevelopmentTool\repository\com\sun\mail\javax.mail\1.6.2\javax.mail-1.6.2.jar;D:\DevelopmentTool\repository\javax\activation\activation\1.1\activation-1.1.jar;D:\DevelopmentTool\repository\org\springframework\boot\spring-boot-starter-thymeleaf\2.1.3.RELEASE\spring-boot-starter-thymeleaf-2.1.3.RELEASE.jar;D:\DevelopmentTool\repository\org\thymeleaf\thymeleaf-spring5\3.0.11.RELEASE\thymeleaf-spring5-3.0.11.RELEASE.jar;D:\DevelopmentTool\repository\org\thymeleaf\thymeleaf\3.0.11.RELEASE\thymeleaf-3.0.11.RELEASE.jar;D:\DevelopmentTool\repository\org\attoparser\attoparser\2.0.5.RELEASE\attoparser-2.0.5.RELEASE.jar;D:\DevelopmentTool\repository\org\unbescape\unbescape\1.1.6.RELEASE\unbescape-1.1.6.RELEASE.jar;D:\DevelopmentTool\repository\org\thymeleaf\extras\thymeleaf-extras-java8time\3.0.3.RELEASE\thymeleaf-extras-java8time-3.0.3.RELEASE.jar;D:\DevelopmentTool\repository\org\springframework\boot\spring-boot-starter-validation\2.1.3.RELEASE\spring-boot-starter-validation-2.1.3.RELEASE.jar;D:\DevelopmentTool\repository\org\apache\tomcat\embed\tomcat-embed-el\9.0.16\tomcat-embed-el-9.0.16.jar;D:\DevelopmentTool\repository\org\hibernate\validator\hibernate-validator\6.0.14.Final\hibernate-validator-6.0.14.Final.jar;D:\DevelopmentTool\repository\javax\validation\validation-api\2.0.1.Final\validation-api-2.0.1.Final.jar;D:\DevelopmentTool\repository\org\jboss\logging\jboss-logging\3.3.2.Final\jboss-logging-3.3.2.Final.jar;D:\DevelopmentTool\repository\org\springframework\boot\spring-boot-starter-web\2.1.3.RELEASE\spring-boot-starter-web-2.1.3.RELEASE.jar;D:\DevelopmentTool\repository\org\springframework\boot\spring-boot-starter-json\2.1.3.RELEASE\spring-boot-starter-json-2.1.3.RELEASE.jar;D:\DevelopmentTool\repository\com\fasterxml\jackson\datatype\jackson-datatype-jdk8\2.9.8\jackson-datatype-jdk8-2.9.8.jar;D:\DevelopmentTool\repository\com\fasterxml\jackson\module\jackson-module-parameter-names\2.9.8\jackson-module-parameter-names-2.9.8.jar;D:\DevelopmentTool\repository\org\springframework\boot\spring-boot-starter-tomcat\2.1.3.RELEASE\spring-boot-starter-tomcat-2.1.3.RELEASE.jar;D:\DevelopmentTool\repository\org\apache\tomcat\embed\tomcat-embed-core\9.0.16\tomcat-embed-core-9.0.16.jar;D:\DevelopmentTool\repository\org\apache\tomcat\embed\tomcat-embed-websocket\9.0.16\tomcat-embed-websocket-9.0.16.jar;D:\DevelopmentTool\repository\org\springframework\spring-web\5.1.5.RELEASE\spring-web-5.1.5.RELEASE.jar;D:\DevelopmentTool\repository\org\springframework\spring-webmvc\5.1.5.RELEASE\spring-webmvc-5.1.5.RELEASE.jar;D:\DevelopmentTool\repository\org\springframework\spring-expression\5.1.5.RELEASE\spring-expression-5.1.5.RELEASE.jar;D:\DevelopmentTool\repository\org\mybatis\spring\boot\mybatis-spring-boot-starter\2.0.0\mybatis-spring-boot-starter-2.0.0.jar;D:\DevelopmentTool\repository\org\springframework\boot\spring-boot-starter-jdbc\2.1.3.RELEASE\spring-boot-starter-jdbc-2.1.3.RELEASE.jar;D:\DevelopmentTool\repository\com\zaxxer\HikariCP\3.2.0\HikariCP-3.2.0.jar;D:\DevelopmentTool\repository\org\springframework\spring-jdbc\5.1.5.RELEASE\spring-jdbc-5.1.5.RELEASE.jar;D:\DevelopmentTool\repository\org\mybatis\spring\boot\mybatis-spring-boot-autoconfigure\2.0.0\mybatis-spring-boot-autoconfigure-2.0.0.jar;D:\DevelopmentTool\repository\org\mybatis\mybatis\3.5.0\mybatis-3.5.0.jar;D:\DevelopmentTool\repository\org\mybatis\mybatis-spring\2.0.0\mybatis-spring-2.0.0.jar;D:\DevelopmentTool\repository\tk\mybatis\mapper-spring-boot-starter\2.1.5\mapper-spring-boot-starter-2.1.5.jar;D:\DevelopmentTool\repository\tk\mybatis\mapper-core\1.1.5\mapper-core-1.1.5.jar;D:\DevelopmentTool\repository\javax\persistence\persistence-api\1.0\persistence-api-1.0.jar;D:\DevelopmentTool\repository\tk\mybatis\mapper-base\1.1.5\mapper-base-1.1.5.jar;D:\DevelopmentTool\repository\tk\mybatis\mapper-weekend\1.1.5\mapper-weekend-1.1.5.jar;D:\DevelopmentTool\repository\tk\mybatis\mapper-spring\1.1.5\mapper-spring-1.1.5.jar;D:\DevelopmentTool\repository\tk\mybatis\mapper-extra\1.1.5\mapper-extra-1.1.5.jar;D:\DevelopmentTool\repository\tk\mybatis\mapper-spring-boot-autoconfigure\2.1.5\mapper-spring-boot-autoconfigure-2.1.5.jar;D:\DevelopmentTool\repository\org\mybatis\generator\mybatis-generator-maven-plugin\1.3.7\mybatis-generator-maven-plugin-1.3.7.jar;D:\DevelopmentTool\repository\org\apache\maven\maven-plugin-api\3.5.4\maven-plugin-api-3.5.4.jar;D:\DevelopmentTool\repository\org\apache\maven\maven-model\3.5.4\maven-model-3.5.4.jar;D:\DevelopmentTool\repository\org\apache\commons\commons-lang3\3.8.1\commons-lang3-3.8.1.jar;D:\DevelopmentTool\repository\org\apache\maven\maven-artifact\3.5.4\maven-artifact-3.5.4.jar;D:\DevelopmentTool\repository\org\eclipse\sisu\org.eclipse.sisu.plexus\0.3.3\org.eclipse.sisu.plexus-0.3.3.jar;D:\DevelopmentTool\repository\javax\enterprise\cdi-api\1.0\cdi-api-1.0.jar;D:\DevelopmentTool\repository\javax\annotation\jsr250-api\1.0\jsr250-api-1.0.jar;D:\DevelopmentTool\repository\javax\inject\javax.inject\1\javax.inject-1.jar;D:\DevelopmentTool\repository\org\eclipse\sisu\org.eclipse.sisu.inject\0.3.3\org.eclipse.sisu.inject-0.3.3.jar;D:\DevelopmentTool\repository\org\codehaus\plexus\plexus-component-annotations\1.5.5\plexus-component-annotations-1.5.5.jar;D:\DevelopmentTool\repository\org\codehaus\plexus\plexus-utils\3.1.0\plexus-utils-3.1.0.jar;D:\DevelopmentTool\repository\org\codehaus\plexus\plexus-classworlds\2.5.2\plexus-classworlds-2.5.2.jar;D:\DevelopmentTool\repository\org\mybatis\generator\mybatis-generator-core\1.3.7\mybatis-generator-core-1.3.7.jar;D:\DevelopmentTool\repository\mysql\mysql-connector-java\8.0.15\mysql-connector-java-8.0.15.jar;D:\DevelopmentTool\repository\org\projectlombok\lombok\1.18.6\lombok-1.18.6.jar;D:\DevelopmentTool\repository\org\springframework\boot\spring-boot-starter-test\2.1.3.RELEASE\spring-boot-starter-test-2.1.3.RELEASE.jar;D:\DevelopmentTool\repository\org\springframework\boot\spring-boot-test\2.1.3.RELEASE\spring-boot-test-2.1.3.RELEASE.jar;D:\DevelopmentTool\repository\org\springframework\boot\spring-boot-test-autoconfigure\2.1.3.RELEASE\spring-boot-test-autoconfigure-2.1.3.RELEASE.jar;D:\DevelopmentTool\repository\com\jayway\jsonpath\json-path\2.4.0\json-path-2.4.0.jar;D:\DevelopmentTool\repository\net\minidev\json-smart\2.3\json-smart-2.3.jar;D:\DevelopmentTool\repository\net\minidev\accessors-smart\1.2\accessors-smart-1.2.jar;D:\DevelopmentTool\repository\org\ow2\asm\asm\5.0.4\asm-5.0.4.jar;D:\DevelopmentTool\repository\junit\junit\4.12\junit-4.12.jar;D:\DevelopmentTool\repository\org\assertj\assertj-core\3.11.1\assertj-core-3.11.1.jar;D:\DevelopmentTool\repository\org\mockito\mockito-core\2.23.4\mockito-core-2.23.4.jar;D:\DevelopmentTool\repository\net\bytebuddy\byte-buddy\1.9.10\byte-buddy-1.9.10.jar;D:\DevelopmentTool\repository\net\bytebuddy\byte-buddy-agent\1.9.10\byte-buddy-agent-1.9.10.jar;D:\DevelopmentTool\repository\org\objenesis\objenesis\2.6\objenesis-2.6.jar;D:\DevelopmentTool\repository\org\hamcrest\hamcrest-core\1.3\hamcrest-core-1.3.jar;D:\DevelopmentTool\repository\org\hamcrest\hamcrest-library\1.3\hamcrest-library-1.3.jar;D:\DevelopmentTool\repository\org\skyscreamer\jsonassert\1.5.0\jsonassert-1.5.0.jar;D:\DevelopmentTool\repository\com\vaadin\external\google\android-json\0.0.20131108.vaadin1\android-json-0.0.20131108.vaadin1.jar;D:\DevelopmentTool\repository\org\springframework\spring-core\5.1.5.RELEASE\spring-core-5.1.5.RELEASE.jar;D:\DevelopmentTool\repository\org\springframework\spring-jcl\5.1.5.RELEASE\spring-jcl-5.1.5.RELEASE.jar;D:\DevelopmentTool\repository\org\springframework\spring-test\5.1.5.RELEASE\spring-test-5.1.5.RELEASE.jar;D:\DevelopmentTool\repository\org\xmlunit\xmlunit-core\2.6.2\xmlunit-core-2.6.2.jar;D:\DevelopmentTool\repository\org\springframework\boot\spring-boot-starter-security\2.1.3.RELEASE\spring-boot-starter-security-2.1.3.RELEASE.jar;D:\DevelopmentTool\repository\org\springframework\spring-aop\5.1.5.RELEASE\spring-aop-5.1.5.RELEASE.jar;D:\DevelopmentTool\repository\org\springframework\security\spring-security-config\5.1.4.RELEASE\spring-security-config-5.1.4.RELEASE.jar;D:\DevelopmentTool\repository\org\springframework\security\spring-security-web\5.1.4.RELEASE\spring-security-web-5.1.4.RELEASE.jar;D:\DevelopmentTool\repository\org\springframework\security\spring-security-test\5.1.4.RELEASE\spring-security-test-5.1.4.RELEASE.jar;D:\DevelopmentTool\repository\org\springframework\security\spring-security-core\5.1.4.RELEASE\spring-security-core-5.1.4.RELEASE.jar;D:\DevelopmentTool\repository\io\springfox\springfox-swagger2\2.7.0\springfox-swagger2-2.7.0.jar;D:\DevelopmentTool\repository\io\swagger\swagger-annotations\1.5.13\swagger-annotations-1.5.13.jar;D:\DevelopmentTool\repository\io\swagger\swagger-models\1.5.13\swagger-models-1.5.13.jar;D:\DevelopmentTool\repository\com\fasterxml\jackson\core\jackson-annotations\2.9.0\jackson-annotations-2.9.0.jar;D:\DevelopmentTool\repository\io\springfox\springfox-spi\2.7.0\springfox-spi-2.7.0.jar;D:\DevelopmentTool\repository\io\springfox\springfox-core\2.7.0\springfox-core-2.7.0.jar;D:\DevelopmentTool\repository\io\springfox\springfox-schema\2.7.0\springfox-schema-2.7.0.jar;D:\DevelopmentTool\repository\io\springfox\springfox-swagger-common\2.7.0\springfox-swagger-common-2.7.0.jar;D:\DevelopmentTool\repository\io\springfox\springfox-spring-web\2.7.0\springfox-spring-web-2.7.0.jar;D:\DevelopmentTool\repository\org\reflections\reflections\0.9.11\reflections-0.9.11.jar;D:\DevelopmentTool\repository\org\javassist\javassist\3.21.0-GA\javassist-3.21.0-GA.jar;D:\DevelopmentTool\repository\com\google\guava\guava\18.0\guava-18.0.jar;D:\DevelopmentTool\repository\com\fasterxml\classmate\1.4.0\classmate-1.4.0.jar;D:\DevelopmentTool\repository\org\slf4j\slf4j-api\1.7.25\slf4j-api-1.7.25.jar;D:\DevelopmentTool\repository\org\springframework\plugin\spring-plugin-core\1.2.0.RELEASE\spring-plugin-core-1.2.0.RELEASE.jar;D:\DevelopmentTool\repository\org\springframework\plugin\spring-plugin-metadata\1.2.0.RELEASE\spring-plugin-metadata-1.2.0.RELEASE.jar;D:\DevelopmentTool\repository\org\mapstruct\mapstruct\1.1.0.Final\mapstruct-1.1.0.Final.jar;D:\DevelopmentTool\repository\io\springfox\springfox-swagger-ui\2.7.0\springfox-swagger-ui-2.7.0.jar;D:\DevelopmentTool\repository\com\github\pagehelper\pagehelper-spring-boot-starter\1.2.10\pagehelper-spring-boot-starter-1.2.10.jar;D:\DevelopmentTool\repository\com\github\pagehelper\pagehelper-spring-boot-autoconfigure\1.2.10\pagehelper-spring-boot-autoconfigure-1.2.10.jar;D:\DevelopmentTool\repository\com\github\pagehelper\pagehelper\5.1.8\pagehelper-5.1.8.jar;D:\DevelopmentTool\repository\com\github\jsqlparser\jsqlparser\1.2\jsqlparser-1.2.jar;D:\DevelopmentTool\repository\net\sf\json-lib\json-lib-ext-spring\1.0.2\json-lib-ext-spring-1.0.2.jar;D:\DevelopmentTool\repository\net\sf\json-lib\json-lib\2.2.2\json-lib-2.2.2-jdk15.jar;D:\DevelopmentTool\repository\commons-beanutils\commons-beanutils\1.7.0\commons-beanutils-1.7.0.jar;D:\DevelopmentTool\repository\commons-collections\commons-collections\3.2\commons-collections-3.2.jar;D:\DevelopmentTool\repository\commons-lang\commons-lang\2.4\commons-lang-2.4.jar;D:\DevelopmentTool\repository\commons-logging\commons-logging\1.1.1\commons-logging-1.1.1.jar;D:\DevelopmentTool\repository\net\sf\ezmorph\ezmorph\1.0.4\ezmorph-1.0.4.jar;D:\DevelopmentTool\repository\javax\servlet\servlet-api\2.4\servlet-api-2.4.jar;D:\DevelopmentTool\repository\log4j\log4j\1.2.14\log4j-1.2.14.jar;D:\DevelopmentTool\repository\commons-fileupload\commons-fileupload\1.3.3\commons-fileupload-1.3.3.jar;D:\DevelopmentTool\repository\commons-io\commons-io\2.2\commons-io-2.2.jar;D:\DevelopmentTool\repository\org\csource\fastdfs-client-java\1.29-SNAPSHOT\fastdfs-client-java-1.29-SNAPSHOT.jar;D:\DevelopmentTool\repository\org\slf4j\slf4j-log4j12\1.7.25\slf4j-log4j12-1.7.25.jar;D:\DevelopmentTool\repository\com\alibaba\fastjson\1.2.4\fastjson-1.2.4.jar;"/>
    <property name="sun.cpu.endian" value="little"/>
    <property name="user.home" value="C:\Users\m1555"/>
    <property name="user.language" value="zh"/>
    <property name="java.specification.vendor" value="Oracle Corporation"/>
    <property name="java.home" value="C:\Program Files\Java\jdk1.8.0_171\jre"/>
    <property name="basedir" value="D:\ProjectHome\java\vrps-sply\4364636212397056\vrps-sp-ly\vrps-sply"/>
    <property name="file.separator" value="\"/>
    <property name="line.separator" value="&#10;"/>
    <property name="java.vm.specification.vendor" value="Oracle Corporation"/>
    <property name="java.specification.name" value="Java Platform API Specification"/>
    <property name="java.awt.graphicsenv" value="sun.awt.Win32GraphicsEnvironment"/>
    <property name="surefire.real.class.path" value="C:\Users\m1555\AppData\Local\Temp\surefire5614543636982314372\surefirebooter4241896854695749995.jar"/>
    <property name="sun.boot.class.path" value="C:\Program Files\Java\jdk1.8.0_171\jre\lib\resources.jar;C:\Program Files\Java\jdk1.8.0_171\jre\lib\rt.jar;C:\Program Files\Java\jdk1.8.0_171\jre\lib\sunrsasign.jar;C:\Program Files\Java\jdk1.8.0_171\jre\lib\jsse.jar;C:\Program Files\Java\jdk1.8.0_171\jre\lib\jce.jar;C:\Program Files\Java\jdk1.8.0_171\jre\lib\charsets.jar;C:\Program Files\Java\jdk1.8.0_171\jre\lib\jfr.jar;C:\Program Files\Java\jdk1.8.0_171\jre\classes"/>
    <property name="user.script" value=""/>
    <property name="sun.management.compiler" value="HotSpot 64-Bit Tiered Compilers"/>
    <property name="java.runtime.version" value="1.8.0_171-b11"/>
    <property name="user.name" value="m1555"/>
    <property name="path.separator" value=";"/>
    <property name="os.version" value="10.0"/>
    <property name="java.endorsed.dirs" value="C:\Program Files\Java\jdk1.8.0_171\jre\lib\endorsed"/>
    <property name="java.runtime.name" value="Java(TM) SE Runtime Environment"/>
    <property name="file.encoding" value="GBK"/>
    <property name="java.vm.name" value="Java HotSpot(TM) 64-Bit Server VM"/>
    <property name="localRepository" value="D:\DevelopmentTool\repository"/>
    <property name="java.vendor.url.bug" value="http://bugreport.sun.com/bugreport/"/>
    <property name="java.io.tmpdir" value="C:\Users\m1555\AppData\Local\Temp\"/>
    <property name="idea.version" value="2018.3"/>
    <property name="java.version" value="1.8.0_171"/>
    <property name="user.dir" value="D:\ProjectHome\java\vrps-sply\4364636212397056\vrps-sp-ly\vrps-sply"/>
    <property name="os.arch" value="amd64"/>
    <property name="java.vm.specification.name" value="Java Virtual Machine Specification"/>
    <property name="java.awt.printerjob" value="sun.awt.windows.WPrinterJob"/>
    <property name="sun.os.patch.level" value=""/>
    <property name="java.library.path" value="C:\Program Files\Java\jdk1.8.0_171\jre\bin;C:\Windows\Sun\Java\bin;C:\Windows\system32;C:\Windows;D:\app\m1555\product\11.2.0\dbhome_1\bin;D:\Program Files (x86)\NetSarang\Xftp 6\;D:\DevelopmentTool\python3.7\Scripts\;D:\DevelopmentTool\python3.7\;C:\Program Files (x86)\Common Files\Oracle\Java\javapath;C:\Windows\system32;C:\Windows;C:\Windows\System32\Wbem;C:\Windows\System32\WindowsPowerShell\v1.0\;C:\Windows\System32\OpenSSH\;C:\Program Files (x86)\NVIDIA Corporation\PhysX\Common;C:\Program Files\NVIDIA Corporation\NVIDIA NvDLISR;C:\Program Files (x86)\Intel\Intel(R) Management Engine Components\DAL;C:\Program Files\Intel\Intel(R) Management Engine Components\DAL;C:\Program Files\Intel\WiFi\bin\;C:\Program Files\Common Files\Intel\WirelessCommon\;C:\Program Files\Java\jdk1.8.0_171\bin;C:\Program Files\Java\jdk1.8.0_171\jre\bin;D:\DevelopmentTool\apache-maven-3.6.1\bin;D:\DevelopmentTool\mysql-5.7.29\bin;D:\Program Files (x86)\Git\cmd;D:\开发工具\nodejs\;D:\Program Files\TortoiseSVN\bin;C:\Users\m1555\AppData\Local\Microsoft\WindowsApps;C:\Users\m1555\AppData\Roaming\npm;D:\DevelopmentTool\Microsoft VS Code\bin;D:\DevelopmentTool\PyCharm 2019.2.4\bin;;."/>
    <property name="java.vm.info" value="mixed mode"/>
    <property name="java.vendor" value="Oracle Corporation"/>
    <property name="java.vm.version" value="25.171-b11"/>
    <property name="java.ext.dirs" value="C:\Program Files\Java\jdk1.8.0_171\jre\lib\ext;C:\Windows\Sun\Java\lib\ext"/>
    <property name="sun.io.unicode.encoding" value="UnicodeLittle"/>
    <property name="maven.repo.local" value="D:\DevelopmentTool\repository"/>
    <property name="java.class.version" value="52.0"/>
  </properties>
  <testcase name="contextLoads" classname="com.ly.vrps.VideoResPlaybackSiteApplicationTests" time="0.755"/>
</testsuite>